<?xml version="1.0" encoding="UTF-8"?>
<!-- Generated by org.testng.reporters.JUnitReportReporter -->
<testsuite hostname="Chandrakar" failures="0" tests="1" name="chandrakar.Appium.eCommerce_tc_2" time="17.266" errors="0" timestamp="2024-04-10T12:22:29 IST" skipped="0">
  <testcase classname="chandrakar.Appium.eCommerce_tc_2" name="Fillform" time="17.266"/>
  <system-out/>
</testsuite> <!-- chandrakar.Appium.eCommerce_tc_2 -->
