<?xml version="1.0" encoding="UTF-8"?>
<!-- Generated by org.testng.reporters.JUnitReportReporter -->
<testsuite hostname="Chandrakar" failures="0" tests="1" name="chandrakar.Appium.SwipeDemo" time="5.601" errors="0" timestamp="2024-04-09T11:50:57 IST" skipped="0">
  <testcase classname="chandrakar.Appium.SwipeDemo" name="SwipeDemoTest" time="5.601"/>
  <system-out/>
</testsuite> <!-- chandrakar.Appium.SwipeDemo -->
