<?xml version="1.0" encoding="UTF-8"?>
<!-- Generated by org.testng.reporters.JUnitReportReporter -->
<testsuite hostname="Chandrakar" failures="0" tests="1" name="chandrakar.Appium.DragDropDemo" time="7.071" errors="0" timestamp="2024-04-09T16:19:03 IST" skipped="0">
  <testcase classname="chandrakar.Appium.DragDropDemo" name="DragDropTest" time="7.071"/>
  <system-out/>
</testsuite> <!-- chandrakar.Appium.DragDropDemo -->
