<?xml version="1.0" encoding="UTF-8"?>
<!-- Generated by org.testng.reporters.JUnitReportReporter -->
<testsuite hostname="Chandrakar" failures="0" tests="1" name="chandrakar.Appium.eCommerce_tc_3" time="19.838" errors="0" timestamp="2024-04-10T13:36:54 IST" skipped="0">
  <testcase classname="chandrakar.Appium.eCommerce_tc_3" name="Fillform" time="19.838"/>
  <system-out/>
</testsuite> <!-- chandrakar.Appium.eCommerce_tc_3 -->
