<?xml version="1.0" encoding="UTF-8"?>
<!-- Generated by org.testng.reporters.JUnitReportReporter -->
<testsuite hostname="Chandrakar" failures="0" tests="1" name="chandrakar.Appium.AppiumBasics" time="7.673" errors="0" timestamp="2024-04-09T00:29:16 IST" skipped="0">
  <testcase classname="chandrakar.Appium.AppiumBasics" name="WifiSettingsName" time="7.673"/>
  <system-out/>
</testsuite> <!-- chandrakar.Appium.AppiumBasics -->
