<?xml version="1.0" encoding="UTF-8"?>
<!-- Generated by org.testng.reporters.JUnitReportReporter -->
<testsuite hostname="Chandrakar" failures="0" tests="1" name="chandrakar.Appium.ScrollDown" time="31.678" errors="0" timestamp="2024-04-09T01:47:31 IST" skipped="0">
  <testcase classname="chandrakar.Appium.ScrollDown" name="ScrollDownTest" time="31.678"/>
  <system-out/>
</testsuite> <!-- chandrakar.Appium.ScrollDown -->
