<?xml version="1.0" encoding="UTF-8"?>
<!-- Generated by org.testng.reporters.JUnitReportReporter -->
<testsuite hostname="Chandrakar" failures="0" tests="1" name="chandrakar.Appium.LongPress" time="7.984" errors="0" timestamp="2024-04-09T11:12:06 IST" skipped="0">
  <testcase classname="chandrakar.Appium.LongPress" name="LongPressGesture" time="7.984"/>
  <system-out/>
</testsuite> <!-- chandrakar.Appium.LongPress -->
